<?xml version="1.0" encoding="UTF-8"?>
<testng-results skipped="0" failed="0" ignored="0" total="1" passed="1">
  <reporter-output>
  </reporter-output>
  <suite name="Default suite" duration-ms="5006" started-at="2018-06-10T06:56:45Z" finished-at="2018-06-10T06:56:50Z">
    <groups>
    </groups>
    <test name="Default test" duration-ms="5006" started-at="2018-06-10T06:56:45Z" finished-at="2018-06-10T06:56:50Z">
      <class name="tests.CreateLead">
        <test-method status="PASS" signature="createLead()[pri:0, instance:tests.CreateLead@18ef7ed]" name="createLead" duration-ms="4971" started-at="2018-06-10T06:56:45Z" finished-at="2018-06-10T06:56:50Z">
          <reporter-output>
          </reporter-output>
        </test-method> <!-- createLead -->
      </class> <!-- tests.CreateLead -->
    </test> <!-- Default test -->
  </suite> <!-- Default suite -->
</testng-results>
